\BOOKMARK [0][-]{chapter.1}{\376\377\0001\000\040\000N\000a\000m\000e\000s\000p\000a\000c\000e\000\040\000I\000n\000d\000e\000x}{}% 1
\BOOKMARK [1][-]{section.1.1}{\376\377\0001\000.\0001\000\040\000P\000a\000c\000k\000a\000g\000e\000s}{chapter.1}% 2
\BOOKMARK [0][-]{chapter.2}{\376\377\0002\000\040\000H\000i\000e\000r\000a\000r\000c\000h\000i\000c\000a\000l\000\040\000I\000n\000d\000e\000x}{}% 3
\BOOKMARK [1][-]{section.2.1}{\376\377\0002\000.\0001\000\040\000C\000l\000a\000s\000s\000\040\000H\000i\000e\000r\000a\000r\000c\000h\000y}{chapter.2}% 4
\BOOKMARK [0][-]{chapter.3}{\376\377\0003\000\040\000C\000l\000a\000s\000s\000\040\000I\000n\000d\000e\000x}{}% 5
\BOOKMARK [1][-]{section.3.1}{\376\377\0003\000.\0001\000\040\000C\000l\000a\000s\000s\000\040\000L\000i\000s\000t}{chapter.3}% 6
\BOOKMARK [0][-]{chapter.4}{\376\377\0004\000\040\000F\000i\000l\000e\000\040\000I\000n\000d\000e\000x}{}% 7
\BOOKMARK [1][-]{section.4.1}{\376\377\0004\000.\0001\000\040\000F\000i\000l\000e\000\040\000L\000i\000s\000t}{chapter.4}% 8
\BOOKMARK [0][-]{chapter.5}{\376\377\0005\000\040\000N\000a\000m\000e\000s\000p\000a\000c\000e\000\040\000D\000o\000c\000u\000m\000e\000n\000t\000a\000t\000i\000o\000n}{}% 9
\BOOKMARK [1][-]{section.5.1}{\376\377\0005\000.\0001\000\040\000h\000w\000\040\000N\000a\000m\000e\000s\000p\000a\000c\000e\000\040\000R\000e\000f\000e\000r\000e\000n\000c\000e}{chapter.5}% 10
\BOOKMARK [2][-]{subsection.5.1.1}{\376\377\0005\000.\0001\000.\0001\000\040\000D\000e\000t\000a\000i\000l\000e\000d\000\040\000D\000e\000s\000c\000r\000i\000p\000t\000i\000o\000n}{section.5.1}% 11
\BOOKMARK [2][-]{subsection.5.1.2}{\376\377\0005\000.\0001\000.\0002\000\040\000V\000a\000r\000i\000a\000b\000l\000e\000\040\000D\000o\000c\000u\000m\000e\000n\000t\000a\000t\000i\000o\000n}{section.5.1}% 12
\BOOKMARK [3][-]{subsubsection.5.1.2.1}{\376\377\0005\000.\0001\000.\0002\000.\0001\000\040\000h\000w}{subsection.5.1.2}% 13
\BOOKMARK [1][-]{section.5.2}{\376\377\0005\000.\0002\000\040\000p\000i\000p\000v\000e\000r\000\040\000N\000a\000m\000e\000s\000p\000a\000c\000e\000\040\000R\000e\000f\000e\000r\000e\000n\000c\000e}{chapter.5}% 14
\BOOKMARK [1][-]{section.5.3}{\376\377\0005\000.\0003\000\040\000p\000i\000p\000v\000e\000r\000.\000h\000e\000l\000l\000o\000w\000o\000r\000l\000d\000\040\000N\000a\000m\000e\000s\000p\000a\000c\000e\000\040\000R\000e\000f\000e\000r\000e\000n\000c\000e}{chapter.5}% 15
\BOOKMARK [2][-]{subsection.5.3.1}{\376\377\0005\000.\0003\000.\0001\000\040\000D\000e\000t\000a\000i\000l\000e\000d\000\040\000D\000e\000s\000c\000r\000i\000p\000t\000i\000o\000n}{section.5.3}% 16
\BOOKMARK [1][-]{section.5.4}{\376\377\0005\000.\0004\000\040\000s\000e\000t\000u\000p\000\040\000N\000a\000m\000e\000s\000p\000a\000c\000e\000\040\000R\000e\000f\000e\000r\000e\000n\000c\000e}{chapter.5}% 17
\BOOKMARK [2][-]{subsection.5.4.1}{\376\377\0005\000.\0004\000.\0001\000\040\000V\000a\000r\000i\000a\000b\000l\000e\000\040\000D\000o\000c\000u\000m\000e\000n\000t\000a\000t\000i\000o\000n}{section.5.4}% 18
\BOOKMARK [3][-]{subsubsection.5.4.1.1}{\376\377\0005\000.\0004\000.\0001\000.\0001\000\040\000a\000u\000t\000h\000o\000r}{subsection.5.4.1}% 19
\BOOKMARK [3][-]{subsubsection.5.4.1.2}{\376\377\0005\000.\0004\000.\0001\000.\0002\000\040\000a\000u\000t\000h\000o\000r\000\137\000e\000m\000a\000i\000l}{subsection.5.4.1}% 20
\BOOKMARK [3][-]{subsubsection.5.4.1.3}{\376\377\0005\000.\0004\000.\0001\000.\0003\000\040\000c\000l\000a\000s\000s\000i\000f\000i\000e\000r\000s}{subsection.5.4.1}% 21
\BOOKMARK [3][-]{subsubsection.5.4.1.4}{\376\377\0005\000.\0004\000.\0001\000.\0004\000\040\000c\000m\000d\000c\000l\000a\000s\000s}{subsection.5.4.1}% 22
\BOOKMARK [3][-]{subsubsection.5.4.1.5}{\376\377\0005\000.\0004\000.\0001\000.\0005\000\040\000d\000e\000s\000c\000r\000i\000p\000t\000i\000o\000n}{subsection.5.4.1}% 23
\BOOKMARK [3][-]{subsubsection.5.4.1.6}{\376\377\0005\000.\0004\000.\0001\000.\0006\000\040\000i\000n\000s\000t\000a\000l\000l\000\137\000r\000e\000q\000u\000i\000r\000e\000s}{subsection.5.4.1}% 24
\BOOKMARK [3][-]{subsubsection.5.4.1.7}{\376\377\0005\000.\0004\000.\0001\000.\0007\000\040\000l\000i\000c\000e\000n\000s\000e}{subsection.5.4.1}% 25
\BOOKMARK [3][-]{subsubsection.5.4.1.8}{\376\377\0005\000.\0004\000.\0001\000.\0008\000\040\000l\000o\000n\000g\000\137\000d\000e\000s\000c\000r\000i\000p\000t\000i\000o\000n}{subsection.5.4.1}% 26
\BOOKMARK [3][-]{subsubsection.5.4.1.9}{\376\377\0005\000.\0004\000.\0001\000.\0009\000\040\000n\000a\000m\000e}{subsection.5.4.1}% 27
\BOOKMARK [3][-]{subsubsection.5.4.1.10}{\376\377\0005\000.\0004\000.\0001\000.\0001\0000\000\040\000p\000a\000c\000k\000a\000g\000e\000s}{subsection.5.4.1}% 28
\BOOKMARK [3][-]{subsubsection.5.4.1.11}{\376\377\0005\000.\0004\000.\0001\000.\0001\0001\000\040\000s\000c\000r\000i\000p\000t\000s}{subsection.5.4.1}% 29
\BOOKMARK [3][-]{subsubsection.5.4.1.12}{\376\377\0005\000.\0004\000.\0001\000.\0001\0002\000\040\000u\000r\000l}{subsection.5.4.1}% 30
\BOOKMARK [3][-]{subsubsection.5.4.1.13}{\376\377\0005\000.\0004\000.\0001\000.\0001\0003\000\040\000v\000e\000r\000s\000i\000o\000n}{subsection.5.4.1}% 31
\BOOKMARK [1][-]{section.5.5}{\376\377\0005\000.\0005\000\040\000v\000e\000r\000s\000i\000o\000n\000e\000e\000r\000\040\000N\000a\000m\000e\000s\000p\000a\000c\000e\000\040\000R\000e\000f\000e\000r\000e\000n\000c\000e}{chapter.5}% 32
\BOOKMARK [2][-]{subsection.5.5.1}{\376\377\0005\000.\0005\000.\0001\000\040\000F\000u\000n\000c\000t\000i\000o\000n\000\040\000D\000o\000c\000u\000m\000e\000n\000t\000a\000t\000i\000o\000n}{section.5.5}% 33
\BOOKMARK [3][-]{subsubsection.5.5.1.1}{\376\377\0005\000.\0005\000.\0001\000.\0001\000\040\000d\000o\000\137\000s\000e\000t\000u\000p\000\050\000\051}{subsection.5.5.1}% 34
\BOOKMARK [3][-]{subsubsection.5.5.1.2}{\376\377\0005\000.\0005\000.\0001\000.\0002\000\040\000d\000o\000\137\000v\000c\000s\000\137\000i\000n\000s\000t\000a\000l\000l\000\050\000\051}{subsection.5.5.1}% 35
\BOOKMARK [3][-]{subsubsection.5.5.1.3}{\376\377\0005\000.\0005\000.\0001\000.\0003\000\040\000g\000e\000t\000\137\000c\000m\000d\000c\000l\000a\000s\000s\000\050\000\051}{subsection.5.5.1}% 36
\BOOKMARK [3][-]{subsubsection.5.5.1.4}{\376\377\0005\000.\0005\000.\0001\000.\0004\000\040\000g\000e\000t\000\137\000c\000o\000n\000f\000i\000g\000\137\000f\000r\000o\000m\000\137\000r\000o\000o\000t\000\050\000\051}{subsection.5.5.1}% 37
\BOOKMARK [3][-]{subsubsection.5.5.1.5}{\376\377\0005\000.\0005\000.\0001\000.\0005\000\040\000g\000e\000t\000\137\000r\000o\000o\000t\000\050\000\051}{subsection.5.5.1}% 38
\BOOKMARK [3][-]{subsubsection.5.5.1.6}{\376\377\0005\000.\0005\000.\0001\000.\0006\000\040\000g\000e\000t\000\137\000v\000e\000r\000s\000i\000o\000n\000\050\000\051}{subsection.5.5.1}% 39
\BOOKMARK [3][-]{subsubsection.5.5.1.7}{\376\377\0005\000.\0005\000.\0001\000.\0007\000\040\000g\000e\000t\000\137\000v\000e\000r\000s\000i\000o\000n\000s\000\050\000\051}{subsection.5.5.1}% 40
\BOOKMARK [3][-]{subsubsection.5.5.1.8}{\376\377\0005\000.\0005\000.\0001\000.\0008\000\040\000g\000i\000t\000\137\000g\000e\000t\000\137\000k\000e\000y\000w\000o\000r\000d\000s\000\050\000\051}{subsection.5.5.1}% 41
\BOOKMARK [3][-]{subsubsection.5.5.1.9}{\376\377\0005\000.\0005\000.\0001\000.\0009\000\040\000g\000i\000t\000\137\000p\000i\000e\000c\000e\000s\000\137\000f\000r\000o\000m\000\137\000v\000c\000s\000\050\000\051}{subsection.5.5.1}% 42
\BOOKMARK [3][-]{subsubsection.5.5.1.10}{\376\377\0005\000.\0005\000.\0001\000.\0001\0000\000\040\000g\000i\000t\000\137\000v\000e\000r\000s\000i\000o\000n\000s\000\137\000f\000r\000o\000m\000\137\000k\000e\000y\000w\000o\000r\000d\000s\000\050\000\051}{subsection.5.5.1}% 43
\BOOKMARK [3][-]{subsubsection.5.5.1.11}{\376\377\0005\000.\0005\000.\0001\000.\0001\0001\000\040\000p\000e\000p\0004\0004\0000\000\137\000s\000p\000l\000i\000t\000\137\000p\000o\000s\000t\000\050\000\051}{subsection.5.5.1}% 44
\BOOKMARK [3][-]{subsubsection.5.5.1.12}{\376\377\0005\000.\0005\000.\0001\000.\0001\0002\000\040\000p\000l\000u\000s\000\137\000o\000r\000\137\000d\000o\000t\000\050\000\051}{subsection.5.5.1}% 45
\BOOKMARK [3][-]{subsubsection.5.5.1.13}{\376\377\0005\000.\0005\000.\0001\000.\0001\0003\000\040\000r\000e\000g\000i\000s\000t\000e\000r\000\137\000v\000c\000s\000\137\000h\000a\000n\000d\000l\000e\000r\000\050\000\051}{subsection.5.5.1}% 46
\BOOKMARK [3][-]{subsubsection.5.5.1.14}{\376\377\0005\000.\0005\000.\0001\000.\0001\0004\000\040\000r\000e\000n\000d\000e\000r\000\050\000\051}{subsection.5.5.1}% 47
\BOOKMARK [3][-]{subsubsection.5.5.1.15}{\376\377\0005\000.\0005\000.\0001\000.\0001\0005\000\040\000r\000e\000n\000d\000e\000r\000\137\000g\000i\000t\000\137\000d\000e\000s\000c\000r\000i\000b\000e\000\050\000\051}{subsection.5.5.1}% 48
\BOOKMARK [3][-]{subsubsection.5.5.1.16}{\376\377\0005\000.\0005\000.\0001\000.\0001\0006\000\040\000r\000e\000n\000d\000e\000r\000\137\000g\000i\000t\000\137\000d\000e\000s\000c\000r\000i\000b\000e\000\137\000l\000o\000n\000g\000\050\000\051}{subsection.5.5.1}% 49
\BOOKMARK [3][-]{subsubsection.5.5.1.17}{\376\377\0005\000.\0005\000.\0001\000.\0001\0007\000\040\000r\000e\000n\000d\000e\000r\000\137\000p\000e\000p\0004\0004\0000\000\050\000\051}{subsection.5.5.1}% 50
\BOOKMARK [3][-]{subsubsection.5.5.1.18}{\376\377\0005\000.\0005\000.\0001\000.\0001\0008\000\040\000r\000e\000n\000d\000e\000r\000\137\000p\000e\000p\0004\0004\0000\000\137\000b\000r\000a\000n\000c\000h\000\050\000\051}{subsection.5.5.1}% 51
\BOOKMARK [3][-]{subsubsection.5.5.1.19}{\376\377\0005\000.\0005\000.\0001\000.\0001\0009\000\040\000r\000e\000n\000d\000e\000r\000\137\000p\000e\000p\0004\0004\0000\000\137\000o\000l\000d\000\050\000\051}{subsection.5.5.1}% 52
\BOOKMARK [3][-]{subsubsection.5.5.1.20}{\376\377\0005\000.\0005\000.\0001\000.\0002\0000\000\040\000r\000e\000n\000d\000e\000r\000\137\000p\000e\000p\0004\0004\0000\000\137\000p\000o\000s\000t\000\050\000\051}{subsection.5.5.1}% 53
\BOOKMARK [3][-]{subsubsection.5.5.1.21}{\376\377\0005\000.\0005\000.\0001\000.\0002\0001\000\040\000r\000e\000n\000d\000e\000r\000\137\000p\000e\000p\0004\0004\0000\000\137\000p\000o\000s\000t\000\137\000b\000r\000a\000n\000c\000h\000\050\000\051}{subsection.5.5.1}% 54
\BOOKMARK [3][-]{subsubsection.5.5.1.22}{\376\377\0005\000.\0005\000.\0001\000.\0002\0002\000\040\000r\000e\000n\000d\000e\000r\000\137\000p\000e\000p\0004\0004\0000\000\137\000p\000r\000e\000\050\000\051}{subsection.5.5.1}% 55
\BOOKMARK [3][-]{subsubsection.5.5.1.23}{\376\377\0005\000.\0005\000.\0001\000.\0002\0003\000\040\000r\000u\000n\000\137\000c\000o\000m\000m\000a\000n\000d\000\050\000\051}{subsection.5.5.1}% 56
\BOOKMARK [3][-]{subsubsection.5.5.1.24}{\376\377\0005\000.\0005\000.\0001\000.\0002\0004\000\040\000s\000c\000a\000n\000\137\000s\000e\000t\000u\000p\000\137\000p\000y\000\050\000\051}{subsection.5.5.1}% 57
\BOOKMARK [3][-]{subsubsection.5.5.1.25}{\376\377\0005\000.\0005\000.\0001\000.\0002\0005\000\040\000v\000e\000r\000s\000i\000o\000n\000s\000\137\000f\000r\000o\000m\000\137\000f\000i\000l\000e\000\050\000\051}{subsection.5.5.1}% 58
\BOOKMARK [3][-]{subsubsection.5.5.1.26}{\376\377\0005\000.\0005\000.\0001\000.\0002\0006\000\040\000v\000e\000r\000s\000i\000o\000n\000s\000\137\000f\000r\000o\000m\000\137\000p\000a\000r\000e\000n\000t\000d\000i\000r\000\050\000\051}{subsection.5.5.1}% 59
\BOOKMARK [3][-]{subsubsection.5.5.1.27}{\376\377\0005\000.\0005\000.\0001\000.\0002\0007\000\040\000w\000r\000i\000t\000e\000\137\000t\000o\000\137\000v\000e\000r\000s\000i\000o\000n\000\137\000f\000i\000l\000e\000\050\000\051}{subsection.5.5.1}% 60
\BOOKMARK [2][-]{subsection.5.5.2}{\376\377\0005\000.\0005\000.\0002\000\040\000V\000a\000r\000i\000a\000b\000l\000e\000\040\000D\000o\000c\000u\000m\000e\000n\000t\000a\000t\000i\000o\000n}{section.5.5}% 61
\BOOKMARK [3][-]{subsubsection.5.5.2.1}{\376\377\0005\000.\0005\000.\0002\000.\0001\000\040\000c\000m\000d}{subsection.5.5.2}% 62
\BOOKMARK [3][-]{subsubsection.5.5.2.2}{\376\377\0005\000.\0005\000.\0002\000.\0002\000\040\000C\000O\000N\000F\000I\000G\000\137\000E\000R\000R\000O\000R}{subsection.5.5.2}% 63
\BOOKMARK [3][-]{subsubsection.5.5.2.3}{\376\377\0005\000.\0005\000.\0002\000.\0003\000\040\000e\000r\000r\000o\000r\000s}{subsection.5.5.2}% 64
\BOOKMARK [3][-]{subsubsection.5.5.2.4}{\376\377\0005\000.\0005\000.\0002\000.\0004\000\040\000I\000N\000I\000T\000\137\000P\000Y\000\137\000S\000N\000I\000P\000P\000E\000T}{subsection.5.5.2}% 65
\BOOKMARK [3][-]{subsubsection.5.5.2.5}{\376\377\0005\000.\0005\000.\0002\000.\0005\000\040\000O\000L\000D\000\137\000S\000N\000I\000P\000P\000E\000T}{subsection.5.5.2}% 66
\BOOKMARK [3][-]{subsubsection.5.5.2.6}{\376\377\0005\000.\0005\000.\0002\000.\0006\000\040\000S\000A\000M\000P\000L\000E\000\137\000C\000O\000N\000F\000I\000G}{subsection.5.5.2}% 67
\BOOKMARK [3][-]{subsubsection.5.5.2.7}{\376\377\0005\000.\0005\000.\0002\000.\0007\000\040\000S\000H\000O\000R\000T\000\137\000V\000E\000R\000S\000I\000O\000N\000\137\000P\000Y}{subsection.5.5.2}% 68
\BOOKMARK [0][-]{chapter.6}{\376\377\0006\000\040\000C\000l\000a\000s\000s\000\040\000D\000o\000c\000u\000m\000e\000n\000t\000a\000t\000i\000o\000n}{}% 69
\BOOKMARK [1][-]{section.6.1}{\376\377\0006\000.\0001\000\040\000H\000e\000l\000l\000o\000W\000o\000r\000l\000d\000\040\000C\000l\000a\000s\000s\000\040\000R\000e\000f\000e\000r\000e\000n\000c\000e}{chapter.6}% 70
\BOOKMARK [2][-]{subsection.6.1.1}{\376\377\0006\000.\0001\000.\0001\000\040\000D\000e\000t\000a\000i\000l\000e\000d\000\040\000D\000e\000s\000c\000r\000i\000p\000t\000i\000o\000n}{section.6.1}% 71
\BOOKMARK [2][-]{subsection.6.1.2}{\376\377\0006\000.\0001\000.\0002\000\040\000C\000o\000n\000s\000t\000r\000u\000c\000t\000o\000r\000\040\000\046\000\040\000D\000e\000s\000t\000r\000u\000c\000t\000o\000r\000\040\000D\000o\000c\000u\000m\000e\000n\000t\000a\000t\000i\000o\000n}{section.6.1}% 72
\BOOKMARK [3][-]{subsubsection.6.1.2.1}{\376\377\0006\000.\0001\000.\0002\000.\0001\000\040\000\137\000\137\000i\000n\000i\000t\000\137\000\137\000\050\000\051\000\040\000[\0001\000/\0002\000]}{subsection.6.1.2}% 73
\BOOKMARK [3][-]{subsubsection.6.1.2.2}{\376\377\0006\000.\0001\000.\0002\000.\0002\000\040\000\137\000\137\000i\000n\000i\000t\000\137\000\137\000\050\000\051\000\040\000[\0002\000/\0002\000]}{subsection.6.1.2}% 74
\BOOKMARK [2][-]{subsection.6.1.3}{\376\377\0006\000.\0001\000.\0003\000\040\000M\000e\000m\000b\000e\000r\000\040\000F\000u\000n\000c\000t\000i\000o\000n\000\040\000D\000o\000c\000u\000m\000e\000n\000t\000a\000t\000i\000o\000n}{section.6.1}% 75
\BOOKMARK [3][-]{subsubsection.6.1.3.1}{\376\377\0006\000.\0001\000.\0003\000.\0001\000\040\000m\000a\000i\000n\000\050\000\051\000\040\000[\0001\000/\0002\000]}{subsection.6.1.3}% 76
\BOOKMARK [3][-]{subsubsection.6.1.3.2}{\376\377\0006\000.\0001\000.\0003\000.\0002\000\040\000m\000a\000i\000n\000\050\000\051\000\040\000[\0002\000/\0002\000]}{subsection.6.1.3}% 77
\BOOKMARK [2][-]{subsection.6.1.4}{\376\377\0006\000.\0001\000.\0004\000\040\000M\000e\000m\000b\000e\000r\000\040\000D\000a\000t\000a\000\040\000D\000o\000c\000u\000m\000e\000n\000t\000a\000t\000i\000o\000n}{section.6.1}% 78
\BOOKMARK [3][-]{subsubsection.6.1.4.1}{\376\377\0006\000.\0001\000.\0004\000.\0001\000\040\000t\000e\000x\000t}{subsection.6.1.4}% 79
\BOOKMARK [1][-]{section.6.2}{\376\377\0006\000.\0002\000\040\000N\000o\000t\000T\000h\000i\000s\000M\000e\000t\000h\000o\000d\000\040\000C\000l\000a\000s\000s\000\040\000R\000e\000f\000e\000r\000e\000n\000c\000e}{chapter.6}% 80
\BOOKMARK [2][-]{subsection.6.2.1}{\376\377\0006\000.\0002\000.\0001\000\040\000D\000e\000t\000a\000i\000l\000e\000d\000\040\000D\000e\000s\000c\000r\000i\000p\000t\000i\000o\000n}{section.6.2}% 81
\BOOKMARK [1][-]{section.6.3}{\376\377\0006\000.\0003\000\040\000V\000e\000r\000s\000i\000o\000n\000e\000e\000r\000B\000a\000d\000R\000o\000o\000t\000E\000r\000r\000o\000r\000\040\000C\000l\000a\000s\000s\000\040\000R\000e\000f\000e\000r\000e\000n\000c\000e}{chapter.6}% 82
\BOOKMARK [2][-]{subsection.6.3.1}{\376\377\0006\000.\0003\000.\0001\000\040\000D\000e\000t\000a\000i\000l\000e\000d\000\040\000D\000e\000s\000c\000r\000i\000p\000t\000i\000o\000n}{section.6.3}% 83
\BOOKMARK [1][-]{section.6.4}{\376\377\0006\000.\0004\000\040\000V\000e\000r\000s\000i\000o\000n\000e\000e\000r\000C\000o\000n\000f\000i\000g\000\040\000C\000l\000a\000s\000s\000\040\000R\000e\000f\000e\000r\000e\000n\000c\000e}{chapter.6}% 84
\BOOKMARK [2][-]{subsection.6.4.1}{\376\377\0006\000.\0004\000.\0001\000\040\000D\000e\000t\000a\000i\000l\000e\000d\000\040\000D\000e\000s\000c\000r\000i\000p\000t\000i\000o\000n}{section.6.4}% 85
\BOOKMARK [0][-]{chapter.7}{\376\377\0007\000\040\000F\000i\000l\000e\000\040\000D\000o\000c\000u\000m\000e\000n\000t\000a\000t\000i\000o\000n}{}% 86
\BOOKMARK [1][-]{section.7.1}{\376\377\0007\000.\0001\000\040\000b\000u\000i\000l\000d\000/\000l\000i\000b\000/\000p\000i\000p\000v\000e\000r\000/\000\137\000\137\000i\000n\000i\000t\000\137\000\137\000.\000p\000y\000\040\000F\000i\000l\000e\000\040\000R\000e\000f\000e\000r\000e\000n\000c\000e}{chapter.7}% 87
\BOOKMARK [1][-]{section.7.2}{\376\377\0007\000.\0002\000\040\000p\000i\000p\000v\000e\000r\000/\000\137\000\137\000i\000n\000i\000t\000\137\000\137\000.\000p\000y\000\040\000F\000i\000l\000e\000\040\000R\000e\000f\000e\000r\000e\000n\000c\000e}{chapter.7}% 88
\BOOKMARK [1][-]{section.7.3}{\376\377\0007\000.\0003\000\040\000b\000u\000i\000l\000d\000/\000l\000i\000b\000/\000p\000i\000p\000v\000e\000r\000/\000h\000e\000l\000l\000o\000w\000o\000r\000l\000d\000.\000p\000y\000\040\000F\000i\000l\000e\000\040\000R\000e\000f\000e\000r\000e\000n\000c\000e}{chapter.7}% 89
\BOOKMARK [1][-]{section.7.4}{\376\377\0007\000.\0004\000\040\000p\000i\000p\000v\000e\000r\000/\000h\000e\000l\000l\000o\000w\000o\000r\000l\000d\000.\000p\000y\000\040\000F\000i\000l\000e\000\040\000R\000e\000f\000e\000r\000e\000n\000c\000e}{chapter.7}% 90
\BOOKMARK [1][-]{section.7.5}{\376\377\0007\000.\0005\000\040\000b\000u\000i\000l\000d\000/\000s\000c\000r\000i\000p\000t\000s\000-\0003\000.\0006\000/\000h\000w\000.\000p\000y\000\040\000F\000i\000l\000e\000\040\000R\000e\000f\000e\000r\000e\000n\000c\000e}{chapter.7}% 91
\BOOKMARK [1][-]{section.7.6}{\376\377\0007\000.\0006\000\040\000s\000c\000r\000i\000p\000t\000s\000/\000h\000w\000.\000p\000y\000\040\000F\000i\000l\000e\000\040\000R\000e\000f\000e\000r\000e\000n\000c\000e}{chapter.7}% 92
\BOOKMARK [1][-]{section.7.7}{\376\377\0007\000.\0007\000\040\000s\000e\000t\000u\000p\000.\000p\000y\000\040\000F\000i\000l\000e\000\040\000R\000e\000f\000e\000r\000e\000n\000c\000e}{chapter.7}% 93
\BOOKMARK [1][-]{section.7.8}{\376\377\0007\000.\0008\000\040\000v\000e\000r\000s\000i\000o\000n\000e\000e\000r\000.\000p\000y\000\040\000F\000i\000l\000e\000\040\000R\000e\000f\000e\000r\000e\000n\000c\000e}{chapter.7}% 94
\BOOKMARK [0][-]{section*.30}{\376\377\000I\000n\000d\000e\000x}{}% 95
